<?xml version="1.0" encoding="UTF-8"?>
<!-- Generated by org.testng.reporters.JUnitReportReporter -->
<testsuite hostname="DESKTOP-B8DBLIV" failures="0" tests="4" name="com.nopcommerce.tests.HomePageTest" time="0.633" errors="0" timestamp="2022-02-17T20:40:35 MST" skipped="0">
  <testcase classname="com.nopcommerce.tests.HomePageTest" name="validatePageTitleTest" time="0.048"/>
  <system-out/>
  <testcase classname="com.nopcommerce.tests.HomePageTest" name="verifyLogoTest" time="0.205"/>
  <system-out/>
  <testcase classname="com.nopcommerce.tests.HomePageTest" name="verifyRegisterLinkTest" time="0.212"/>
  <system-out/>
  <testcase classname="com.nopcommerce.tests.HomePageTest" name="verifyLoginLinkTest" time="0.168"/>
  <system-out/>
</testsuite> <!-- com.nopcommerce.tests.HomePageTest -->
