<?xml version="1.0" encoding="UTF-8"?>
<!-- Generated by org.testng.reporters.JUnitReportReporter -->
<testsuite hostname="DESKTOP-B8DBLIV" failures="0" tests="3" name="com.nopcommerce.tests.SearchPageTest" time="2.623" errors="0" timestamp="2022-02-17T20:40:35 MST" skipped="0">
  <testcase classname="com.nopcommerce.tests.SearchPageTest" name="verifySearchPageNameTest" time="0.794"/>
  <system-out/>
  <testcase classname="com.nopcommerce.tests.SearchPageTest" name="verifyManufactureDropDownListTest" time="1.021"/>
  <system-out/>
  <testcase classname="com.nopcommerce.tests.SearchPageTest" name="validateCategoryListTest" time="0.808"/>
  <system-out/>
</testsuite> <!-- com.nopcommerce.tests.SearchPageTest -->
