<?xml version="1.0" encoding="UTF-8"?>
<!-- Generated by org.testng.reporters.JUnitReportReporter -->
<testsuite hostname="DESKTOP-B8DBLIV" failures="0" tests="3" name="com.nopcommerce.tests.LoginPageTest" time="3.441" errors="0" timestamp="2022-02-17T20:40:35 MST" skipped="0">
  <testcase classname="com.nopcommerce.tests.LoginPageTest" name="verifyLoginPageNameTest" time="0.173"/>
  <system-out/>
  <testcase classname="com.nopcommerce.tests.LoginPageTest" name="verifyRegisterButtonStatus" time="0.185"/>
  <system-out/>
  <testcase classname="com.nopcommerce.tests.LoginPageTest" name="validateUserLoginTest" time="3.083"/>
  <system-out/>
</testsuite> <!-- com.nopcommerce.tests.LoginPageTest -->
